<?xml version="1.0" encoding="utf-8"?><testsuites name="pytest tests"><testsuite name="pytest" errors="0" failures="0" skipped="0" tests="3" time="0.932" timestamp="2026-02-22T02:30:35.135938+00:00" hostname="agent-env-3265f9d2-53f2-4e4e-a703-afd3d47b60ce"><testcase classname="backend.tests.test_orbcast_api.TestHealth" name="test_health_returns_200" time="0.308" /><testcase classname="backend.tests.test_orbcast_api.TestHealth" name="test_network_info" time="0.225" /><testcase classname="backend.tests.test_orbcast_api.TestHealth" name="test_stream_accessible" time="0.209" /></testsuite></testsuites>